<?xml version="1.0" encoding="UTF-8"?>
<!-- Generated by org.testng.reporters.JUnitXMLReporter -->
<testsuite hostname="DESKTOP-ISADT93" failures="2" tests="2" name="Test" time="5.618" errors="0" timestamp="18 Apr 2022 10:02:38 GMT">
  <testcase classname="listener.Fb_Test" name="titleCheck" time="2.41">
    <failure type="java.lang.AssertionError" message="expected [Welcome to TOPS Management System] but found [Tops erp]">
      <![CDATA[java.lang.AssertionError: expected [Welcome to TOPS Management System] but found [Tops erp]
	at listener.Fb_Test.titleCheck(Fb_Test.java:23)
... Removed 29 stack frames]]>
    </failure>
  </testcase> <!-- titleCheck -->
  <testcase classname="listener.Fb_Test" name="logincheck" time="2.083">
    <failure type="java.lang.AssertionError" message="expected [Welcome to TOPS Management System] but found [Tops Error]">
      <![CDATA[java.lang.AssertionError: expected [Welcome to TOPS Management System] but found [Tops Error]
	at listener.Fb_Test.logincheck(Fb_Test.java:36)
... Removed 29 stack frames]]>
    </failure>
  </testcase> <!-- logincheck -->
</testsuite> <!-- Test -->
